C:\USERS\BENJAMIN\DOCUMENTS\VISUAL STUDIO 2012\PROJECTS\PSYCHIC-ARCHER\PP-TOKENS\X64\DEBUG\COMMENT_SYSTEM.OBJ
C:\USERS\BENJAMIN\DOCUMENTS\VISUAL STUDIO 2012\PROJECTS\PSYCHIC-ARCHER\PP-TOKENS\X64\DEBUG\CONVERSIONS.OBJ
C:\USERS\BENJAMIN\DOCUMENTS\VISUAL STUDIO 2012\PROJECTS\PSYCHIC-ARCHER\PP-TOKENS\X64\DEBUG\LEXICAL_ANALYZER.OBJ
C:\USERS\BENJAMIN\DOCUMENTS\VISUAL STUDIO 2012\PROJECTS\PSYCHIC-ARCHER\PP-TOKENS\X64\DEBUG\LEXICAL_HELPER.OBJ
C:\USERS\BENJAMIN\DOCUMENTS\VISUAL STUDIO 2012\PROJECTS\PSYCHIC-ARCHER\PP-TOKENS\X64\DEBUG\LINE_SPLICING_SYSTEM.OBJ
C:\USERS\BENJAMIN\DOCUMENTS\VISUAL STUDIO 2012\PROJECTS\PSYCHIC-ARCHER\PP-TOKENS\X64\DEBUG\MAIN.OBJ
C:\USERS\BENJAMIN\DOCUMENTS\VISUAL STUDIO 2012\PROJECTS\PSYCHIC-ARCHER\PP-TOKENS\X64\DEBUG\TRIGRAPH_SYSTEM.OBJ
C:\USERS\BENJAMIN\DOCUMENTS\VISUAL STUDIO 2012\PROJECTS\PSYCHIC-ARCHER\PP-TOKENS\X64\DEBUG\UNIVERSAL_CHARACTER_SYSTEM.OBJ
C:\USERS\BENJAMIN\DOCUMENTS\VISUAL STUDIO 2012\PROJECTS\PSYCHIC-ARCHER\PP-TOKENS\X64\DEBUG\UTF8-DECODER.OBJ
C:\USERS\BENJAMIN\DOCUMENTS\VISUAL STUDIO 2012\PROJECTS\PSYCHIC-ARCHER\PP-TOKENS\X64\DEBUG\UTF8-ENCODER.OBJ
C:\USERS\BENJAMIN\DOCUMENTS\VISUAL STUDIO 2012\PROJECTS\PSYCHIC-ARCHER\PP-TOKENS\X64\DEBUG\UTF8_ENCODED_VALUE.OBJ
C:\USERS\BENJAMIN\DOCUMENTS\VISUAL STUDIO 2012\PROJECTS\PSYCHIC-ARCHER\PP-TOKENS\X64\DEBUG\VC110.PDB
C:\Users\BENJAMIN\Documents\Visual Studio 2012\Projects\psychic-archer\pp-tokens\x64\Debug\comment_system.obj
C:\Users\BENJAMIN\Documents\Visual Studio 2012\Projects\psychic-archer\pp-tokens\x64\Debug\conversions.obj
C:\Users\BENJAMIN\Documents\Visual Studio 2012\Projects\psychic-archer\pp-tokens\x64\Debug\lexical_analyzer.obj
C:\Users\BENJAMIN\Documents\Visual Studio 2012\Projects\psychic-archer\pp-tokens\x64\Debug\lexical_helper.obj
C:\Users\BENJAMIN\Documents\Visual Studio 2012\Projects\psychic-archer\pp-tokens\x64\Debug\line_splicing_system.obj
C:\Users\BENJAMIN\Documents\Visual Studio 2012\Projects\psychic-archer\pp-tokens\x64\Debug\main.obj
C:\Users\BENJAMIN\Documents\Visual Studio 2012\Projects\psychic-archer\pp-tokens\x64\Debug\trigraph_system.obj
C:\Users\BENJAMIN\Documents\Visual Studio 2012\Projects\psychic-archer\pp-tokens\x64\Debug\universal_character_system.obj
C:\Users\BENJAMIN\Documents\Visual Studio 2012\Projects\psychic-archer\pp-tokens\x64\Debug\utf8-decoder.obj
C:\Users\BENJAMIN\Documents\Visual Studio 2012\Projects\psychic-archer\pp-tokens\x64\Debug\utf8-encoder.obj
C:\Users\BENJAMIN\Documents\Visual Studio 2012\Projects\psychic-archer\pp-tokens\x64\Debug\utf8_encoded_value.obj
C:\Users\BENJAMIN\Documents\Visual Studio 2012\Projects\psychic-archer\pp-tokens\x64\Debug\cl.command.1.tlog
C:\Users\BENJAMIN\Documents\Visual Studio 2012\Projects\psychic-archer\pp-tokens\x64\Debug\CL.read.1.tlog
C:\Users\BENJAMIN\Documents\Visual Studio 2012\Projects\psychic-archer\pp-tokens\x64\Debug\CL.write.1.tlog
C:\Users\BENJAMIN\Documents\Visual Studio 2012\Projects\psychic-archer\pp-tokens\x64\Debug\link-cvtres.read.1.tlog
C:\Users\BENJAMIN\Documents\Visual Studio 2012\Projects\psychic-archer\pp-tokens\x64\Debug\link-cvtres.write.1.tlog
C:\Users\BENJAMIN\Documents\Visual Studio 2012\Projects\psychic-archer\pp-tokens\x64\Debug\link-rc.read.1.tlog
C:\Users\BENJAMIN\Documents\Visual Studio 2012\Projects\psychic-archer\pp-tokens\x64\Debug\link-rc.write.1.tlog
C:\Users\BENJAMIN\Documents\Visual Studio 2012\Projects\psychic-archer\pp-tokens\x64\Debug\link.command.1.tlog
C:\Users\BENJAMIN\Documents\Visual Studio 2012\Projects\psychic-archer\pp-tokens\x64\Debug\link.read.1.tlog
C:\Users\BENJAMIN\Documents\Visual Studio 2012\Projects\psychic-archer\pp-tokens\x64\Debug\link.write.1.tlog
C:\Users\BENJAMIN\Documents\Visual Studio 2012\Projects\psychic-archer\pp-tokens\x64\Debug\vc110.idb
C:\Users\BENJAMIN\Documents\Visual Studio 2012\Projects\psychic-archer\pp-tokens\x64\Debug\vc110.pdb
C:\Users\BENJAMIN\Documents\Visual Studio 2012\Projects\psychic-archer\pp-tokens\bin\x64\Debug\pp-tokens.pdb
