Build started 2/25/2013 10:08:41 PM.
     1>Project "C:\Users\BENJAMIN\Documents\Visual Studio 2012\Projects\psychic-archer\pp-tokens\pp-tokens.vcxproj" on node 2 (Build target(s)).
     1>ClCompile:
         C:\Program Files (x86)\Microsoft Visual Studio 11.0\VC\bin\x86_amd64\CL.exe /c /Zi /nologo /W3 /WX- /Od /D _MBCS /Gm /EHsc /RTC1 /MDd /GS /fp:precise /Zc:wchar_t /Zc:forScope /Fo"x64\Debug\\" /Fd"x64\Debug\vc110.pdb" /Gd /TP /errorReport:prompt trigraph_system.cpp
         trigraph_system.cpp
       Link:
         C:\Program Files (x86)\Microsoft Visual Studio 11.0\VC\bin\x86_amd64\link.exe /ERRORREPORT:PROMPT /OUT:"C:\Users\BENJAMIN\Documents\Visual Studio 2012\Projects\psychic-archer\pp-tokens\bin\x64\Debug\pp-tokens.exe" /INCREMENTAL /NOLOGO kernel32.lib user32.lib gdi32.lib winspool.lib comdlg32.lib advapi32.lib shell32.lib ole32.lib oleaut32.lib uuid.lib odbc32.lib odbccp32.lib /MANIFEST /MANIFESTUAC:"level='asInvoker' uiAccess='false'" /manifest:embed /DEBUG /PDB:"C:\Users\BENJAMIN\Documents\Visual Studio 2012\Projects\psychic-archer\pp-tokens\bin\x64\Debug\pp-tokens.pdb" /TLBID:1 /DYNAMICBASE /NXCOMPAT /IMPLIB:"C:\Users\BENJAMIN\Documents\Visual Studio 2012\Projects\psychic-archer\pp-tokens\bin\x64\Debug\pp-tokens.lib" /MACHINE:X64 x64\Debug\comment_system.obj
         x64\Debug\conversions.obj
         x64\Debug\lexical_analyzer.obj
         x64\Debug\lexical_helper.obj
         x64\Debug\line_splicing_system.obj
         x64\Debug\main.obj
         x64\Debug\trigraph_system.obj
         x64\Debug\universal_character_system.obj
         "x64\Debug\utf8-decoder.obj"
         "x64\Debug\utf8-encoder.obj"
         x64\Debug\utf8_encoded_value.obj
         pp-tokens.vcxproj -> C:\Users\BENJAMIN\Documents\Visual Studio 2012\Projects\psychic-archer\pp-tokens\bin\x64\Debug\pp-tokens.exe
     1>Done Building Project "C:\Users\BENJAMIN\Documents\Visual Studio 2012\Projects\psychic-archer\pp-tokens\pp-tokens.vcxproj" (Build target(s)).

Build succeeded.

Time Elapsed 00:00:00.71
